<?xml version="1.0" encoding="utf-8"?><testsuites><testsuite name="pytest" errors="0" failures="0" skipped="0" tests="3" time="15.990" timestamp="2025-01-31T11:48:29.570118+03:00" hostname="korsnaike-aspirea1541m"><testcase classname="test_integration.test_request" name="test_request[query0-2]" time="5.190" /><testcase classname="test_integration.test_request" name="test_request[query1-2]" time="6.755" /><testcase classname="test_integration.test_request" name="test_request[query2-3]" time="3.998" /></testsuite></testsuites>